<?xml version="1.0" encoding="UTF-8"?>
<testsuite xmlns:xsi="http://www.w3.org/2001/XMLSchema-instance" xsi:noNamespaceSchemaLocation="https://maven.apache.org/surefire/maven-surefire-plugin/xsd/surefire-test-report-3.0.xsd" version="3.0" name="io.themis.staticanalysis.ViolationRuleEngineTest" time="0.157" tests="2" errors="0" skipped="0" failures="0">
  <properties>
[...]
</properties>
  <testcase name="detectsRule1OrderViolation" classname="io.themis.staticanalysis.ViolationRuleEngineTest" time="0.103"/>
  <testcase name="detectsAtomicityPattern" classname="io.themis.staticanalysis.ViolationRuleEngineTest" time="0.007"/>
</testsuite>